<?xml version="1.0" encoding="UTF-8"?>
<testsuite xmlns:xsi="http://www.w3.org/2001/XMLSchema-instance" xsi:noNamespaceSchemaLocation="https://maven.apache.org/surefire/maven-surefire-plugin/xsd/surefire-test-report.xsd" name="PerftTest" time="152.2" tests="30" errors="0" skipped="0" failures="0">
  <properties>
    <property name="sun.desktop" value="gnome"/>
    <property name="awt.toolkit" value="sun.awt.X11.XToolkit"/>
    <property name="java.specification.version" value="11"/>
    <property name="sun.cpu.isalist" value=""/>
    <property name="sun.jnu.encoding" value="UTF-8"/>
    <property name="java.class.path" value="/home/louis/IdeaProjects/ChessCore/target/test-classes:/home/louis/IdeaProjects/ChessCore/target/classes:/home/louis/.m2/repository/junit/junit/4.12/junit-4.12.jar:/home/louis/.m2/repository/org/hamcrest/hamcrest-core/1.3/hamcrest-core-1.3.jar:/home/louis/.m2/repository/org/junit/jupiter/junit-jupiter-api/5.3.1/junit-jupiter-api-5.3.1.jar:/home/louis/.m2/repository/org/apiguardian/apiguardian-api/1.0.0/apiguardian-api-1.0.0.jar:/home/louis/.m2/repository/org/opentest4j/opentest4j/1.1.1/opentest4j-1.1.1.jar:/home/louis/.m2/repository/org/junit/platform/junit-platform-commons/1.3.1/junit-platform-commons-1.3.1.jar:"/>
    <property name="java.vm.vendor" value="Oracle Corporation"/>
    <property name="sun.arch.data.model" value="64"/>
    <property name="java.vendor.url" value="http://java.oracle.com/"/>
    <property name="user.timezone" value=""/>
    <property name="java.vm.specification.version" value="11"/>
    <property name="os.name" value="Linux"/>
    <property name="sun.java.launcher" value="SUN_STANDARD"/>
    <property name="user.country" value="US"/>
    <property name="sun.boot.library.path" value="/usr/lib/jvm/jdk-11.0.1/lib"/>
    <property name="sun.java.command" value="/home/louis/IdeaProjects/ChessCore/target/surefire/surefirebooter4000168705701414376.jar /home/louis/IdeaProjects/ChessCore/target/surefire 2018-11-22T11-34-41_843-jvmRun1 surefire3461203873686583254tmp surefire_011632909373628270526tmp"/>
    <property name="jdk.debug" value="release"/>
    <property name="surefire.test.class.path" value="/home/louis/IdeaProjects/ChessCore/target/test-classes:/home/louis/IdeaProjects/ChessCore/target/classes:/home/louis/.m2/repository/junit/junit/4.12/junit-4.12.jar:/home/louis/.m2/repository/org/hamcrest/hamcrest-core/1.3/hamcrest-core-1.3.jar:/home/louis/.m2/repository/org/junit/jupiter/junit-jupiter-api/5.3.1/junit-jupiter-api-5.3.1.jar:/home/louis/.m2/repository/org/apiguardian/apiguardian-api/1.0.0/apiguardian-api-1.0.0.jar:/home/louis/.m2/repository/org/opentest4j/opentest4j/1.1.1/opentest4j-1.1.1.jar:/home/louis/.m2/repository/org/junit/platform/junit-platform-commons/1.3.1/junit-platform-commons-1.3.1.jar:"/>
    <property name="sun.cpu.endian" value="little"/>
    <property name="user.home" value="/home/louis"/>
    <property name="user.language" value="en"/>
    <property name="java.specification.vendor" value="Oracle Corporation"/>
    <property name="java.version.date" value="2018-10-16"/>
    <property name="java.home" value="/usr/lib/jvm/jdk-11.0.1"/>
    <property name="file.separator" value="/"/>
    <property name="basedir" value="/home/louis/IdeaProjects/ChessCore"/>
    <property name="java.vm.compressedOopsMode" value="32-bit"/>
    <property name="line.separator" value="&#10;"/>
    <property name="java.specification.name" value="Java Platform API Specification"/>
    <property name="java.vm.specification.vendor" value="Oracle Corporation"/>
    <property name="java.awt.graphicsenv" value="sun.awt.X11GraphicsEnvironment"/>
    <property name="surefire.real.class.path" value="/home/louis/IdeaProjects/ChessCore/target/surefire/surefirebooter4000168705701414376.jar"/>
    <property name="sun.management.compiler" value="HotSpot 64-Bit Tiered Compilers"/>
    <property name="java.runtime.version" value="11.0.1+13-LTS"/>
    <property name="user.name" value="louis"/>
    <property name="path.separator" value=":"/>
    <property name="os.version" value="4.15.0-36-generic"/>
    <property name="java.runtime.name" value="Java(TM) SE Runtime Environment"/>
    <property name="file.encoding" value="UTF-8"/>
    <property name="java.vm.name" value="Java HotSpot(TM) 64-Bit Server VM"/>
    <property name="java.vendor.version" value="18.9"/>
    <property name="localRepository" value="/home/louis/.m2/repository"/>
    <property name="java.vendor.url.bug" value="http://bugreport.java.com/bugreport/"/>
    <property name="java.io.tmpdir" value="/tmp"/>
    <property name="java.version" value="11.0.1"/>
    <property name="user.dir" value="/home/louis/IdeaProjects/ChessCore"/>
    <property name="os.arch" value="amd64"/>
    <property name="java.vm.specification.name" value="Java Virtual Machine Specification"/>
    <property name="java.awt.printerjob" value="sun.print.PSPrinterJob"/>
    <property name="sun.os.patch.level" value="unknown"/>
    <property name="java.library.path" value="/usr/java/packages/lib:/usr/lib64:/lib64:/lib:/usr/lib"/>
    <property name="java.vendor" value="Oracle Corporation"/>
    <property name="java.vm.info" value="mixed mode"/>
    <property name="java.vm.version" value="11.0.1+13-LTS"/>
    <property name="sun.io.unicode.encoding" value="UnicodeLittle"/>
    <property name="java.class.version" value="55.0"/>
  </properties>
  <testcase name="CastlingPrevented" classname="PerftTest" time="4.067"/>
  <testcase name="doubleCheck" classname="PerftTest" time="0.229"/>
  <testcase name="PromoteOutOfCheck" classname="PerftTest" time="7.739"/>
  <testcase name="underPromoteToCheck" classname="PerftTest" time="0.223"/>
  <testcase name="test10" classname="PerftTest" time="0.312"/>
  <testcase name="test11" classname="PerftTest" time="0.19"/>
  <testcase name="test12" classname="PerftTest" time="0.011"/>
  <testcase name="test13" classname="PerftTest" time="0.57"/>
  <testcase name="test14" classname="PerftTest" time="0.075"/>
  <testcase name="test15" classname="PerftTest" time="64.345"/>
  <testcase name="regularBoard" classname="PerftTest" time="57.54"/>
  <testcase name="checkStalemate" classname="PerftTest" time="0.257"/>
  <testcase name="promoteToCheck" classname="PerftTest" time="0.171"/>
  <testcase name="longCastlingGivesCheck" classname="PerftTest" time="0.566"/>
  <testcase name="misc" classname="PerftTest" time="9.981"/>
  <testcase name="test1" classname="PerftTest" time="0.549"/>
  <testcase name="test2" classname="PerftTest" time="0.379"/>
  <testcase name="test3" classname="PerftTest" time="0.526"/>
  <testcase name="test4" classname="PerftTest" time="0.253"/>
  <testcase name="test5" classname="PerftTest" time="0.289"/>
  <testcase name="test6" classname="PerftTest" time="0.184"/>
  <testcase name="test7" classname="PerftTest" time="0.229"/>
  <testcase name="test8" classname="PerftTest" time="0.671"/>
  <testcase name="test9" classname="PerftTest" time="0.123"/>
  <testcase name="EPCaptureChecksOpponent" classname="PerftTest" time="1.154"/>
  <testcase name="selfStaleMate" classname="PerftTest" time="0.005"/>
  <testcase name="shortCastlingGivesCheck" classname="PerftTest" time="0.488"/>
  <testcase name="discoveredCheck" classname="PerftTest" time="0.26"/>
  <testcase name="CastlingCRAndDoublePins" classname="PerftTest" time="0.323"/>
  <testcase name="AvoidIllegalEPCapture" classname="PerftTest" time="0.423"/>
</testsuite>