<?xml version="1.0" encoding="UTF-8"?>
<testsuite xmlns:xsi="http://www.w3.org/2001/XMLSchema-instance" xsi:noNamespaceSchemaLocation="https://maven.apache.org/surefire/maven-surefire-plugin/xsd/surefire-test-report.xsd" name="PerftTest" time="18.229" tests="30" errors="0" skipped="0" failures="0">
  <properties>
    <property name="sun.desktop" value="gnome"/>
    <property name="awt.toolkit" value="sun.awt.X11.XToolkit"/>
    <property name="java.specification.version" value="11"/>
    <property name="sun.cpu.isalist" value=""/>
    <property name="sun.jnu.encoding" value="UTF-8"/>
    <property name="java.class.path" value="/home/louis/IdeaProjects/ChessCore/target/test-classes:/home/louis/IdeaProjects/ChessCore/target/classes:/home/louis/.m2/repository/junit/junit/4.13-beta-1/junit-4.13-beta-1.jar:/home/louis/.m2/repository/org/hamcrest/hamcrest-core/1.3/hamcrest-core-1.3.jar:/home/louis/.m2/repository/org/junit/jupiter/junit-jupiter-api/5.3.2/junit-jupiter-api-5.3.2.jar:/home/louis/.m2/repository/org/apiguardian/apiguardian-api/1.0.0/apiguardian-api-1.0.0.jar:/home/louis/.m2/repository/org/opentest4j/opentest4j/1.1.1/opentest4j-1.1.1.jar:/home/louis/.m2/repository/org/junit/platform/junit-platform-commons/1.3.2/junit-platform-commons-1.3.2.jar:"/>
    <property name="java.vm.vendor" value="Oracle Corporation"/>
    <property name="sun.arch.data.model" value="64"/>
    <property name="java.vendor.url" value="http://java.oracle.com/"/>
    <property name="user.timezone" value=""/>
    <property name="java.vm.specification.version" value="11"/>
    <property name="os.name" value="Linux"/>
    <property name="sun.java.launcher" value="SUN_STANDARD"/>
    <property name="user.country" value="US"/>
    <property name="sun.boot.library.path" value="/usr/lib/jvm/jdk-11.0.1/lib"/>
    <property name="sun.java.command" value="/home/louis/IdeaProjects/ChessCore/target/surefire/surefirebooter8833783688499555509.jar /home/louis/IdeaProjects/ChessCore/target/surefire 2018-12-02T18-16-54_844-jvmRun1 surefire9877295034320871374tmp surefire_0413370812214806596tmp"/>
    <property name="jdk.debug" value="release"/>
    <property name="surefire.test.class.path" value="/home/louis/IdeaProjects/ChessCore/target/test-classes:/home/louis/IdeaProjects/ChessCore/target/classes:/home/louis/.m2/repository/junit/junit/4.13-beta-1/junit-4.13-beta-1.jar:/home/louis/.m2/repository/org/hamcrest/hamcrest-core/1.3/hamcrest-core-1.3.jar:/home/louis/.m2/repository/org/junit/jupiter/junit-jupiter-api/5.3.2/junit-jupiter-api-5.3.2.jar:/home/louis/.m2/repository/org/apiguardian/apiguardian-api/1.0.0/apiguardian-api-1.0.0.jar:/home/louis/.m2/repository/org/opentest4j/opentest4j/1.1.1/opentest4j-1.1.1.jar:/home/louis/.m2/repository/org/junit/platform/junit-platform-commons/1.3.2/junit-platform-commons-1.3.2.jar:"/>
    <property name="sun.cpu.endian" value="little"/>
    <property name="user.home" value="/home/louis"/>
    <property name="user.language" value="en"/>
    <property name="java.specification.vendor" value="Oracle Corporation"/>
    <property name="java.version.date" value="2018-10-16"/>
    <property name="java.home" value="/usr/lib/jvm/jdk-11.0.1"/>
    <property name="file.separator" value="/"/>
    <property name="basedir" value="/home/louis/IdeaProjects/ChessCore"/>
    <property name="java.vm.compressedOopsMode" value="32-bit"/>
    <property name="line.separator" value="&#10;"/>
    <property name="java.specification.name" value="Java Platform API Specification"/>
    <property name="java.vm.specification.vendor" value="Oracle Corporation"/>
    <property name="java.awt.graphicsenv" value="sun.awt.X11GraphicsEnvironment"/>
    <property name="surefire.real.class.path" value="/home/louis/IdeaProjects/ChessCore/target/surefire/surefirebooter8833783688499555509.jar"/>
    <property name="sun.management.compiler" value="HotSpot 64-Bit Tiered Compilers"/>
    <property name="java.runtime.version" value="11.0.1+13-LTS"/>
    <property name="user.name" value="louis"/>
    <property name="path.separator" value=":"/>
    <property name="os.version" value="4.15.0-36-generic"/>
    <property name="java.runtime.name" value="Java(TM) SE Runtime Environment"/>
    <property name="file.encoding" value="UTF-8"/>
    <property name="java.vm.name" value="Java HotSpot(TM) 64-Bit Server VM"/>
    <property name="java.vendor.version" value="18.9"/>
    <property name="localRepository" value="/home/louis/.m2/repository"/>
    <property name="java.vendor.url.bug" value="http://bugreport.java.com/bugreport/"/>
    <property name="java.io.tmpdir" value="/tmp"/>
    <property name="java.version" value="11.0.1"/>
    <property name="user.dir" value="/home/louis/IdeaProjects/ChessCore"/>
    <property name="os.arch" value="amd64"/>
    <property name="java.vm.specification.name" value="Java Virtual Machine Specification"/>
    <property name="java.awt.printerjob" value="sun.print.PSPrinterJob"/>
    <property name="sun.os.patch.level" value="unknown"/>
    <property name="java.library.path" value="/usr/java/packages/lib:/usr/lib64:/lib64:/lib:/usr/lib"/>
    <property name="java.vendor" value="Oracle Corporation"/>
    <property name="java.vm.info" value="mixed mode"/>
    <property name="java.vm.version" value="11.0.1+13-LTS"/>
    <property name="sun.io.unicode.encoding" value="UnicodeLittle"/>
    <property name="java.class.version" value="55.0"/>
  </properties>
  <testcase name="CastlingPrevented" classname="PerftTest" time="0.629"/>
  <testcase name="doubleCheck" classname="PerftTest" time="0.048"/>
  <testcase name="PromoteOutOfCheck" classname="PerftTest" time="1.246"/>
  <testcase name="underPromoteToCheck" classname="PerftTest" time="0.039"/>
  <testcase name="test10" classname="PerftTest" time="0.043"/>
  <testcase name="test11" classname="PerftTest" time="0.016"/>
  <testcase name="test12" classname="PerftTest" time="0.005"/>
  <testcase name="test13" classname="PerftTest" time="0.058"/>
  <testcase name="test14" classname="PerftTest" time="0.007"/>
  <testcase name="test15" classname="PerftTest" time="7.607"/>
  <testcase name="regularBoard" classname="PerftTest" time="5.438"/>
  <testcase name="checkStalemate" classname="PerftTest" time="0.058"/>
  <testcase name="promoteToCheck" classname="PerftTest" time="0.038"/>
  <testcase name="longCastlingGivesCheck" classname="PerftTest" time="0.124"/>
  <testcase name="misc" classname="PerftTest" time="1.549"/>
  <testcase name="test1" classname="PerftTest" time="0.109"/>
  <testcase name="test2" classname="PerftTest" time="0.072"/>
  <testcase name="test3" classname="PerftTest" time="0.104"/>
  <testcase name="test4" classname="PerftTest" time="0.054"/>
  <testcase name="test5" classname="PerftTest" time="0.066"/>
  <testcase name="test6" classname="PerftTest" time="0.037"/>
  <testcase name="test7" classname="PerftTest" time="0.042"/>
  <testcase name="test8" classname="PerftTest" time="0.145"/>
  <testcase name="test9" classname="PerftTest" time="0.026"/>
  <testcase name="EPCaptureChecksOpponent" classname="PerftTest" time="0.239"/>
  <testcase name="selfStaleMate" classname="PerftTest" time="0.003"/>
  <testcase name="shortCastlingGivesCheck" classname="PerftTest" time="0.143"/>
  <testcase name="discoveredCheck" classname="PerftTest" time="0.066"/>
  <testcase name="CastlingCRAndDoublePins" classname="PerftTest" time="0.092"/>
  <testcase name="AvoidIllegalEPCapture" classname="PerftTest" time="0.103"/>
</testsuite>